<?xml version="1.0" encoding="UTF-8"?>
<!-- Generated by org.testng.reporters.JUnitReportReporter -->
<testsuite hostname="LAPTOP-HIQFTH8L" failures="0" tests="1" name="com.wallethub.fbtest.TestOne" time="3.979" errors="0" timestamp="3 Nov 2021 12:01:14 GMT">
  <testcase classname="com.wallethub.fbtest.TestOne" name="verifyPublish" time="3.979"/>
</testsuite> <!-- com.wallethub.fbtest.TestOne -->
