<?xml version="1.0" encoding="UTF-8"?>
<!-- Generated by org.testng.reporters.JUnitReportReporter -->
<testsuite hostname="LAPTOP-HIQFTH8L" failures="0" tests="1" name="com.wallethub.fbtest.TestOne" time="8.001" errors="0" timestamp="9 Nov 2021 13:15:55 GMT">
  <testcase classname="com.wallethub.fbtest.TestOne" name="verifyPublish" time="8.001"/>
</testsuite> <!-- com.wallethub.fbtest.TestOne -->
